<?xml version="1.0" encoding="UTF-8"?>
<!-- Generated by org.testng.reporters.JUnitReportReporter -->
<testsuite hostname="DESKTOP-7IEMOUT" failures="0" tests="1" name="com.org.sampledemo.TestWSTest" time="47.419" errors="0" timestamp="07 Dec 2022 05:48:29 GMT" skipped="0">
  <testcase classname="com.org.sampledemo.TestWSTest" name="Loading" time="47.419"/>
</testsuite> <!-- com.org.sampledemo.TestWSTest -->
