<?xml version="1.0" encoding="UTF-8"?>
<!-- Generated by org.testng.reporters.JUnitReportReporter -->
<testsuite hostname="DESKTOP-7IEMOUT" failures="0" tests="1" name="com.org.sampledemo.TestWSTest" time="34.759" errors="0" timestamp="07 Dec 2022 06:48:56 GMT" skipped="0">
  <testcase classname="com.org.sampledemo.TestWSTest" name="Loading" time="34.759"/>
</testsuite> <!-- com.org.sampledemo.TestWSTest -->
